2025-06-09T03:39:42.891216Z  INFO telemetry: job_telemetry_init artifact_type=installed branch=origin/adac75962930155e747d4911e0ed9de487322c89 ci_number=20250523.1 ci_name=CommonRuntime-RuntimeTeam-Linux-Prod-Build build_time=2025-05-23 10:38:56.290864
2025-06-09T03:39:42.895300Z  INFO run_execution_wrapper: execution_wrapper: Successfully dumped bootstrapping environment to file
2025-06-09T03:39:42.895347Z  INFO run_execution_wrapper: execution_wrapper: Enable std log streaming is not specified in executor configuration, default to not stream logs to stdout and stderr
2025-06-09T03:39:42.895365Z  INFO run_execution_wrapper: execution_wrapper: Enable termination signal handling is not specified in executor configuration, default to ignore termination signals
2025-06-09T03:39:42.895384Z  INFO run_execution_wrapper: execution_wrapper: Executor config not provided, certificates will not be updated.
2025-06-09T03:39:42.896005Z  INFO run_execution_wrapper:execution-wrapper::run_service{path_mapping_kind=None error_pattern_json_files_post_execution=None error_pattern_json_file_mid_execution=None enable_std_log_streaming=false skip_user_log_file_generation=false enable_termination_signal_handling=false}: execution_wrapper::service: serving execution service at executor_address=/mnt/azureml/cr/j/f4695263c3e54e119e5b8cf63a6bd347/.grpc/executor:0
2025-06-09T03:39:42.896185Z  INFO run_execution_wrapper:execution-wrapper::run_service{path_mapping_kind=None error_pattern_json_files_post_execution=None error_pattern_json_file_mid_execution=None enable_std_log_streaming=false skip_user_log_file_generation=false enable_termination_signal_handling=false}: cr_core: Successfully configured current process to ignore termination signals
2025-06-09T03:39:42.896573Z  INFO run_execution_wrapper:execution-wrapper::run_service{path_mapping_kind=None error_pattern_json_files_post_execution=None error_pattern_json_file_mid_execution=None enable_std_log_streaming=false skip_user_log_file_generation=false enable_termination_signal_handling=false}:serve: grpc_utils::endpoint::serve: serving gRPC service endpoint=Uds("/mnt/azureml/cr/j/f4695263c3e54e119e5b8cf63a6bd347/.grpc/executor:0") retry=ExponentialBackoffRetry { retry_delay_secs: 2, delay_factor: 1000, num_retries: 3 }
2025-06-09T03:40:14.385129Z  INFO ExecutionServicer::run: grpc_utils::server: Got grpc request request_name="run" remote_addr=None
2025-06-09T03:40:14.385451Z  INFO ExecutionServicer::run:ExecutionServicer::spawn_execution{wait_execution_completion=false}: execution_wrapper::service: spawn_execution request id="c6e0a6af-dd34-4781-8d6d-dc83c95217b4" client_address=Some("/mnt/azureml/cr/j/f4695263c3e54e119e5b8cf63a6bd347/.grpc/lifecycler:0")
2025-06-09T03:40:14.385860Z  WARN ExecutionServicer::run:ExecutionServicer::spawn_execution{wait_execution_completion=false}:inject_legacy_env_vars: execution_wrapper::legacy_env_vars: Skip injecting legacy env vars, distributed config is None, setting only the defaults
2025-06-09T03:40:14.385899Z  INFO ExecutionServicer::run:ExecutionServicer::spawn_execution{wait_execution_completion=false}:inject_legacy_env_vars: execution_wrapper::legacy_env_vars: Injecting AZ_BATCHAI_JOB_WORK_DIR=/mnt/azureml/cr/j/f4695263c3e54e119e5b8cf63a6bd347/exe/wd working_dir="/mnt/azureml/cr/j/f4695263c3e54e119e5b8cf63a6bd347/exe/wd"
2025-06-09T03:40:14.385937Z  INFO ExecutionServicer::run:ExecutionServicer::spawn_execution{wait_execution_completion=false}:inject_legacy_env_vars: execution_wrapper::legacy_env_vars: Injecting AZUREML_PROCESS_NAME=main as default
2025-06-09T03:40:14.386021Z  INFO ExecutionServicer::run:ExecutionServicer::spawn_execution{wait_execution_completion=false}:inject_legacy_env_vars:get_gpu_count: execution_wrapper::common: Get ComputeContext from env success compute_context=ComputeContext { cluster_name: "mycpucluster", node_id: Literal("tvmps_bcf5cd17c7532330a8d395f92be881fe523c025b070fe8a6839b309c23932d52_d"), vm_id: Some("8c7483aa-5320-4a50-affe-ba0cd2e8f264"), run_attempt_count: 1, gpu_count: Some(0), vm_size: Some("STANDARD_F4S_V2"), readable_cluster_name: Some("mycpucluster"), vm_priority: Some(Dedicated), use_vnet_or_private_link: false }
2025-06-09T03:40:14.386072Z  INFO ExecutionServicer::run:ExecutionServicer::spawn_execution{wait_execution_completion=false}:inject_legacy_env_vars:get_gpu_count: execution_wrapper::common: close time.busy=104µs time.idle=6.80µs
2025-06-09T03:40:14.386132Z  INFO ExecutionServicer::run:ExecutionServicer::spawn_execution{wait_execution_completion=false}:inject_legacy_env_vars:override_dc_env_vars: execution_wrapper::dc_env_vars: Updated env AZUREML_CR_EXECUTOR_CONFIG for spawned process
2025-06-09T03:40:14.386161Z  INFO ExecutionServicer::run:ExecutionServicer::spawn_execution{wait_execution_completion=false}:inject_legacy_env_vars:override_dc_env_vars: execution_wrapper::dc_env_vars: Env var AZUREML_CR_DISTRIBUTED_CONFIG is empty for current process
2025-06-09T03:40:14.386176Z  INFO ExecutionServicer::run:ExecutionServicer::spawn_execution{wait_execution_completion=false}:inject_legacy_env_vars:override_dc_env_vars: execution_wrapper::dc_env_vars: Updated env AZUREML_SERVICE_ENDPOINT for spawned process
2025-06-09T03:40:14.386193Z  INFO ExecutionServicer::run:ExecutionServicer::spawn_execution{wait_execution_completion=false}:inject_legacy_env_vars:override_dc_env_vars: execution_wrapper::dc_env_vars: Updated env AZUREML_SERVICE_CERT_ENDPOINT for spawned process
2025-06-09T03:40:14.386221Z  INFO ExecutionServicer::run:ExecutionServicer::spawn_execution{wait_execution_completion=false}:inject_legacy_env_vars:override_dc_env_vars: execution_wrapper::dc_env_vars: Updated env AZUREML_DISCOVERY_SERVICE_ENDPOINT for spawned process
2025-06-09T03:40:14.386241Z  INFO ExecutionServicer::run:ExecutionServicer::spawn_execution{wait_execution_completion=false}:inject_legacy_env_vars:override_dc_env_vars: execution_wrapper::dc_env_vars: Env var AZUREML_DEV_URL_MLFLOW is empty for current process
2025-06-09T03:40:14.386263Z  INFO ExecutionServicer::run:ExecutionServicer::spawn_execution{wait_execution_completion=false}:inject_legacy_env_vars:override_dc_env_vars: execution_wrapper::dc_env_vars: Updated env AZUREML_RUN_HISTORY_SERVICE_ENDPOINT for spawned process
2025-06-09T03:40:14.386280Z  INFO ExecutionServicer::run:ExecutionServicer::spawn_execution{wait_execution_completion=false}:inject_legacy_env_vars:override_dc_env_vars: execution_wrapper::dc_env_vars: close time.busy=151µs time.idle=2.70µs
2025-06-09T03:40:14.386297Z  INFO ExecutionServicer::run:ExecutionServicer::spawn_execution{wait_execution_completion=false}:inject_legacy_env_vars: execution_wrapper::legacy_env_vars: close time.busy=440µs time.idle=6.60µs
2025-06-09T03:40:14.386321Z  INFO ExecutionServicer::run:ExecutionServicer::spawn_execution{wait_execution_completion=false}: execution_wrapper::infiniband_utils: Is InfiniBand device present: false infiniband_device_path="/dev/infiniband/uverbs0"
2025-06-09T03:40:14.386357Z  INFO ExecutionServicer::run:ExecutionServicer::spawn_execution{wait_execution_completion=false}: execution_wrapper::service: Spawning execution
2025-06-09T03:40:14.398314Z  INFO ExecutionServicer::run:ExecutionServicer::spawn_execution{wait_execution_completion=false}:Execution::parse_commands: execution_wrapper::command_resolvers::shell: Using detected user shell: "/bin/bash" shell="/bin/bash"
2025-06-09T03:40:14.398397Z  INFO ExecutionServicer::run:ExecutionServicer::spawn_execution{wait_execution_completion=false}:Execution::parse_commands: execution_wrapper::execution: close time.busy=11.8ms time.idle=2.80µs
2025-06-09T03:40:14.399246Z  INFO ExecutionServicer::run:ExecutionServicer::spawn_execution{wait_execution_completion=false}:Execution::spawn{wait_execution_completion=false}: execution_wrapper::execution: Spawning target process
2025-06-09T03:40:14.400953Z  INFO ExecutionServicer::run:ExecutionServicer::spawn_execution{wait_execution_completion=false}:Execution::spawn{wait_execution_completion=false}: execution_wrapper::execution: execution process spawned pid=15
2025-06-09T03:40:14.401195Z  INFO execution_wrapper::execution: start waiting for processes execution to complete num_processes=1
2025-06-09T03:40:14.401314Z  INFO Execution::wait_for_completion: execution_wrapper::execution::process_manager: ProcessManagerExecution state changing from PendingExecution to PendingExecution
2025-06-09T03:40:14.419785Z ERROR Execution::wait_for_completion: execution_wrapper::execution::process_manager: Failed blocking user process detected, process name: python, process pid: 15, code: Some(2) success_return_code=Zero { additional_codes: [] } code=Some(2)
2025-06-09T03:40:14.419912Z  INFO Execution::wait_for_completion: execution_wrapper::execution::process_manager: ProcessManagerExecution state changing from PendingExecution to FailureDetected
2025-06-09T03:40:14.419978Z  INFO Execution::wait_for_completion: execution_wrapper::execution::process_manager: [FailureDetected] Successfully started sleeping task
2025-06-09T03:40:14.420038Z  INFO Execution::wait_for_completion: execution_wrapper::execution::process_manager: ProcessManagerExecution state changing from FailureDetected to ExecutionCompleted
2025-06-09T03:40:15.420946Z  INFO Execution::wait_for_completion: execution_wrapper::execution::process_manager: Start collecting process exit statuses
2025-06-09T03:40:15.421053Z  INFO Execution::wait_for_completion: execution_wrapper::execution::process_manager: Successfully collected the exit status of user process pid=15 process_name=python killed_by_process_manager=false
2025-06-09T03:40:15.421121Z  INFO Execution::wait_for_completion: execution_wrapper::execution::process_manager: Process manager successfully collected the exit statuses of all user processes on current node
2025-06-09T03:40:15.421149Z  INFO Execution::wait_for_completion: execution_wrapper::execution::process_manager: ProcessManagerExecution state changing from ExecutionCompleted to CleanupStreamingTasks
2025-06-09T03:40:15.421202Z  INFO Execution::wait_for_completion: execution_wrapper::execution::process_manager: Start cleaning up execution log streaming tasks
2025-06-09T03:40:15.421259Z  INFO Execution::wait_for_completion: execution_wrapper::execution::process_manager: Process manager successfully aborted all streaming tasks for current execution
2025-06-09T03:40:15.421318Z  INFO Execution::wait_for_completion: execution_wrapper::execution: The stderr path is set, starting reading stderr from file. file_path="user_logs/std_log.txt"
2025-06-09T03:40:15.421536Z  INFO Execution::wait_for_completion: execution_wrapper::execution: Gathered execution result for rank 0 process_rank=0 exit_code=2 stderr_path=Some("user_logs/std_log.txt")
2025-06-09T03:40:15.421585Z  INFO Execution::wait_for_completion: execution_wrapper::execution: [wait_for_completion] execution process completed.
2025-06-09T03:40:15.430355Z  WARN Execution::wait_for_completion: execution_wrapper::detect_error: [Execution-wrapper::ErrorDetector] Failed to search OOM error from dmesg logs exception=General("non-zero exit code Some(1) from sh: /bin/dmesg: /azureml-envs/azureml_0063dd15155576c61d88501f1feef529/lib/libtinfo.so.6: no version information available (required by /bin/dmesg)\n")
2025-06-09T03:40:15.430689Z  WARN Execution::wait_for_completion:ExecutionFinalizer::on_exit:ExecutionFinalizer::complete_execution: grpc_utils::span: failed to inject span context to grpc request
2025-06-09T03:40:15.430751Z  INFO Execution::wait_for_completion:ExecutionFinalizer::on_exit:ExecutionFinalizer::complete_execution:execution-wrapper::connect_to_callback_service: execution_wrapper::service: connecting to callback endpoint: /mnt/azureml/cr/j/f4695263c3e54e119e5b8cf63a6bd347/.grpc/lifecycler:0 client_address=/mnt/azureml/cr/j/f4695263c3e54e119e5b8cf63a6bd347/.grpc/lifecycler:0
2025-06-09T03:40:15.430912Z  INFO Execution::wait_for_completion:ExecutionFinalizer::on_exit:ExecutionFinalizer::complete_execution:execution-wrapper::connect_to_callback_service:connect: grpc_utils::endpoint::connect: Connecting to gRPC service endpoint=Uds("/mnt/azureml/cr/j/f4695263c3e54e119e5b8cf63a6bd347/.grpc/lifecycler:0") retry=FixedIntervalRetry { attempt_timeout_millis: 50, retry_delay_millis: 10, max_duration: 600s }
2025-06-09T03:40:15.431200Z  INFO Execution::wait_for_completion:ExecutionFinalizer::on_exit:ExecutionFinalizer::complete_execution:execution-wrapper::connect_to_callback_service:connect: grpc_utils::endpoint::connect: Successfully connected to gRPC service endpoint=Uds("/mnt/azureml/cr/j/f4695263c3e54e119e5b8cf63a6bd347/.grpc/lifecycler:0")
2025-06-09T03:40:15.431252Z  INFO Execution::wait_for_completion:ExecutionFinalizer::on_exit:ExecutionFinalizer::complete_execution:execution-wrapper::connect_to_callback_service:connect: grpc_utils::endpoint::connect: close time.busy=314µs time.idle=32.2µs
2025-06-09T03:40:15.431289Z  INFO Execution::wait_for_completion:ExecutionFinalizer::on_exit:ExecutionFinalizer::complete_execution:execution-wrapper::connect_to_callback_service: execution_wrapper::service: close time.busy=514µs time.idle=28.3µs
2025-06-09T03:40:15.432228Z  INFO Execution::wait_for_completion:ExecutionFinalizer::on_exit:ExecutionFinalizer::complete_execution: execution_wrapper::service: Completed execution id=c6e0a6af-dd34-4781-8d6d-dc83c95217b4
2025-06-09T03:40:15.432290Z  INFO Execution::wait_for_completion:ExecutionFinalizer::on_exit:ExecutionFinalizer::complete_execution: execution_wrapper::service: close time.busy=769µs time.idle=843µs
2025-06-09T03:40:15.432306Z  INFO Execution::wait_for_completion:ExecutionFinalizer::on_exit: execution_wrapper::service: close time.busy=817µs time.idle=852µs
2025-06-09T03:40:15.432315Z  INFO ExecutionServicer::run:ExecutionServicer::spawn_execution{wait_execution_completion=false}:Execution::spawn{wait_execution_completion=false}: execution_wrapper::execution: close time.busy=2.42ms time.idle=1.03s
2025-06-09T03:40:15.432325Z  INFO ExecutionServicer::run:ExecutionServicer::spawn_execution{wait_execution_completion=false}: execution_wrapper::service: close time.busy=15.5ms time.idle=1.03s
2025-06-09T03:40:15.432332Z  INFO ExecutionServicer::run: execution_wrapper::service: close time.busy=15.8ms time.idle=1.03s
2025-06-09T03:40:15.432340Z  INFO Execution::wait_for_completion: execution_wrapper::execution: close time.busy=3.16ms time.idle=1.03s
2025-06-09T03:40:15.432348Z  INFO execution_wrapper::execution: process execution completed
